  stdafx.cpp
  animation.cpp
  cameraManager.cpp
c:\portfolio\ninja_baseball_copy\ninja_baseball\cameramanager.cpp(41): warning C4244: '인수': 'float'에서 'int'(으)로 변환하면서 데이터가 손실될 수 있습니다.
c:\portfolio\ninja_baseball_copy\ninja_baseball\cameramanager.cpp(45): warning C4244: '인수': 'float'에서 'int'(으)로 변환하면서 데이터가 손실될 수 있습니다.
c:\portfolio\ninja_baseball_copy\ninja_baseball\cameramanager.cpp(50): warning C4244: '인수': 'float'에서 'int'(으)로 변환하면서 데이터가 손실될 수 있습니다.
c:\portfolio\ninja_baseball_copy\ninja_baseball\cameramanager.cpp(102): warning C4244: '=': 'float'에서 'LONG'(으)로 변환하면서 데이터가 손실될 수 있습니다.
c:\portfolio\ninja_baseball_copy\ninja_baseball\cameramanager.cpp(114): warning C4244: '=': 'float'에서 'LONG'(으)로 변환하면서 데이터가 손실될 수 있습니다.
c:\portfolio\ninja_baseball_copy\ninja_baseball\cameramanager.cpp(132): warning C4244: '=': 'float'에서 'LONG'(으)로 변환하면서 데이터가 손실될 수 있습니다.
c:\portfolio\ninja_baseball_copy\ninja_baseball\cameramanager.cpp(144): warning C4244: '=': 'float'에서 'LONG'(으)로 변환하면서 데이터가 손실될 수 있습니다.
  effect.cpp
  effectManager.cpp
  endingScene.cpp
  gameNode.cpp
c:\portfolio\ninja_baseball_copy\ninja_baseball\gamenode.cpp(93): warning C4244: '=': 'float'에서 'LONG'(으)로 변환하면서 데이터가 손실될 수 있습니다.
c:\portfolio\ninja_baseball_copy\ninja_baseball\gamenode.cpp(94): warning C4244: '=': 'float'에서 'LONG'(으)로 변환하면서 데이터가 손실될 수 있습니다.
c:\portfolio\ninja_baseball_copy\ninja_baseball\gamenode.cpp(85): warning C4101: 'hdc' :참조되지 않은 지역 변수입니다.
c:\portfolio\ninja_baseball_copy\ninja_baseball\gamenode.cpp(84): warning C4101: 'ps' :참조되지 않은 지역 변수입니다.
  image.cpp
c:\portfolio\ninja_baseball_copy\ninja_baseball\image.cpp(70): warning C4267: '초기화 중': 'size_t'에서 'int'(으)로 변환하면서 데이터가 손실될 수 있습니다.
c:\portfolio\ninja_baseball_copy\ninja_baseball\image.cpp(119): warning C4267: '초기화 중': 'size_t'에서 'int'(으)로 변환하면서 데이터가 손실될 수 있습니다.
c:\portfolio\ninja_baseball_copy\ninja_baseball\image.cpp(168): warning C4267: '초기화 중': 'size_t'에서 'int'(으)로 변환하면서 데이터가 손실될 수 있습니다.
c:\portfolio\ninja_baseball_copy\ninja_baseball\image.cpp(255): warning C4244: '인수': 'float'에서 'int'(으)로 변환하면서 데이터가 손실될 수 있습니다.
c:\portfolio\ninja_baseball_copy\ninja_baseball\image.cpp(254): warning C4244: '인수': 'float'에서 'int'(으)로 변환하면서 데이터가 손실될 수 있습니다.
c:\portfolio\ninja_baseball_copy\ninja_baseball\image.cpp(271): warning C4244: '인수': 'float'에서 'int'(으)로 변환하면서 데이터가 손실될 수 있습니다.
c:\portfolio\ninja_baseball_copy\ninja_baseball\image.cpp(270): warning C4244: '인수': 'float'에서 'int'(으)로 변환하면서 데이터가 손실될 수 있습니다.
c:\portfolio\ninja_baseball_copy\ninja_baseball\image.cpp(496): warning C4244: '인수': 'float'에서 'int'(으)로 변환하면서 데이터가 손실될 수 있습니다.
c:\portfolio\ninja_baseball_copy\ninja_baseball\image.cpp(504): warning C4244: '인수': 'float'에서 'int'(으)로 변환하면서 데이터가 손실될 수 있습니다.
c:\portfolio\ninja_baseball_copy\ninja_baseball\image.cpp(509): warning C4244: '인수': 'float'에서 'int'(으)로 변환하면서 데이터가 손실될 수 있습니다.
  imageManager.cpp
  keyManager.cpp
  playGround.cpp
  sceneManager.cpp
  soundManager.cpp
  stageScene.cpp
  timeManager.cpp
c:\portfolio\ninja_baseball_copy\ninja_baseball\timemanager.cpp(57): warning C4267: '인수': 'size_t'에서 'int'(으)로 변환하면서 데이터가 손실될 수 있습니다.
c:\portfolio\ninja_baseball_copy\ninja_baseball\timemanager.cpp(61): warning C4267: '인수': 'size_t'에서 'int'(으)로 변환하면서 데이터가 손실될 수 있습니다.
c:\portfolio\ninja_baseball_copy\ninja_baseball\timemanager.cpp(65): warning C4267: '인수': 'size_t'에서 'int'(으)로 변환하면서 데이터가 손실될 수 있습니다.
  timer.cpp
  titleScene.cpp
  utils.cpp
  winMain.cpp
c:\portfolio\ninja_baseball_copy\ninja_baseball\winmain.cpp(91): warning C4244: 'return': 'WPARAM'에서 'int'(으)로 변환하면서 데이터가 손실될 수 있습니다.
  코드를 생성하고 있습니다...
  windowAPI.vcxproj -> C:\portfolio\ninja_baseball_copy\ninja_baseball\x64\Debug\windowAPI.exe
